<?xml version="1.0" encoding="UTF-8"?>
<testsuite name="com.ait.phonebook.tests.RemoveContactTests" tests="1" skipped="0" failures="0" errors="0" timestamp="2023-12-06T11:10:28" hostname="LAPTOP-7P90M4Q6" time="1.598">
  <properties/>
  <testcase name="removeContactPositiveTest" classname="com.ait.phonebook.tests.RemoveContactTests" time="1.598"/>
  <system-out><![CDATA[12:10:15.435 [Test worker] INFO  com.ait.phonebook.tests.TestBase -- Start test removeContactPositiveTest with data: []
12:10:30.083 [Test worker] INFO  com.ait.phonebook.tests.TestBase -- PASSED: removeContactPositiveTest
12:10:30.083 [Test worker] INFO  com.ait.phonebook.tests.TestBase -- ===================================================
]]></system-out>
  <system-err><![CDATA[console.warn: LoginRecipes: "Falling back to a synchronous message for: https://telranedu.web.app."
]]></system-err>
</testsuite>
