<?xml version="1.0" encoding="UTF-8"?>
<testsuite name="com.ait.phonebook.tests.LoginTests" tests="2" skipped="0" failures="0" errors="0" timestamp="2023-12-06T11:10:13" hostname="LAPTOP-7P90M4Q6" time="1.932">
  <properties/>
  <testcase name="loginNegativeWithoutEmailTest" classname="com.ait.phonebook.tests.LoginTests" time="0.974"/>
  <testcase name="loginPositiveTest" classname="com.ait.phonebook.tests.LoginTests" time="0.724"/>
  <system-out><![CDATA[12:10:13.280 [Test worker] INFO  com.ait.phonebook.tests.TestBase -- Start test loginNegativeWithoutEmailTest with data: []
12:10:14.475 [Test worker] INFO  com.ait.phonebook.tests.TestBase -- PASSED: loginNegativeWithoutEmailTest
12:10:14.475 [Test worker] INFO  com.ait.phonebook.tests.TestBase -- ===================================================
12:10:14.476 [Test worker] INFO  com.ait.phonebook.tests.TestBase -- Start test loginPositiveTest with data: []
12:10:15.433 [Test worker] INFO  com.ait.phonebook.tests.TestBase -- PASSED: loginPositiveTest
12:10:15.433 [Test worker] INFO  com.ait.phonebook.tests.TestBase -- ===================================================
]]></system-out>
  <system-err><![CDATA[console.warn: LoginRecipes: "Falling back to a synchronous message for: https://telranedu.web.app."
console.warn: LoginRecipes: "Falling back to a synchronous message for: https://telranedu.web.app."
]]></system-err>
</testsuite>
